<?xml version="1.0" encoding="UTF-8" standalone="no"?>
<testsuite failures="0" name="cucumber.runtime.formatter.JUnitFormatter" skipped="0" tests="1" time="11.387024">
<testcase classname="Free CRM Login Feature" name="Free CRM Login Test Scenario" time="11.387024">
<system-out><![CDATA[Given user is already on Login Page.........................................passed
When title of the login page is Free CRM....................................passed
When user enters username and password......................................passed
Then user clicks on login button............................................passed
And user is on home page....................................................passed
]]></system-out>
</testcase>
</testsuite>
