<?xml version="1.0" encoding="UTF-8" standalone="no"?>
<testsuite failures="1" name="cucumber.runtime.formatter.JUnitFormatter" skipped="0" tests="1" time="10.382734">
<testcase classname="Free CRM Login Feature" name="Free CRM Login Test Scenario" time="10.382734">
<failure message="org.junit.ComparisonFailure: expected:&lt;... sales, and support.[****]&gt; but was:&lt;... sales, and support.[]&gt;&#13;&#10;&#9;at org.junit.Assert.assertEquals(Assert.java:115)&#13;&#10;&#9;at org.junit.Assert.assertEquals(Assert.java:144)&#13;&#10;&#9;at stepDefinition.LoginStepDefinition.user_is_on_home_page(LoginStepDefinition.java:64)&#13;&#10;&#9;at ✽.And user is on home page(login.feature:9)&#13;&#10;"><![CDATA[Given user is already on Login Page.........................................passed
When title of the login page is Free CRM....................................passed
When user enters username and password......................................passed
Then user clicks on login button............................................passed
And user is on home page....................................................failed

StackTrace:
org.junit.ComparisonFailure: expected:<... sales, and support.[****]> but was:<... sales, and support.[]>
	at org.junit.Assert.assertEquals(Assert.java:115)
	at org.junit.Assert.assertEquals(Assert.java:144)
	at stepDefinition.LoginStepDefinition.user_is_on_home_page(LoginStepDefinition.java:64)
	at ✽.And user is on home page(login.feature:9)
]]></failure>
</testcase>
</testsuite>
